<?xml version="1.0" encoding="UTF-8"?>
<testsuite name="com.example.ServerTest" tests="1" skipped="0" failures="1" errors="0" timestamp="2026-06-03T11:38:53.649Z" hostname="DESKTOP-3OPL8HR" time="1.812">
  <properties/>
  <testcase name="test root endpoint" classname="com.example.ServerTest" time="1.812">
    <failure message="com.zaxxer.hikari.pool.HikariPool$PoolInitializationException: Failed to initialize pool: Connection to localhost:5433 refused. Check that the hostname and port are correct and that the postmaster is accepting TCP/IP connections." type="com.zaxxer.hikari.pool.HikariPool$PoolInitializationException">com.zaxxer.hikari.pool.HikariPool$PoolInitializationException: Failed to initialize pool: Connection to localhost:5433 refused. Check that the hostname and port are correct and that the postmaster is accepting TCP/IP connections.
	at app//com.zaxxer.hikari.pool.HikariPool.throwPoolInitializationException(HikariPool.java:606)
	at app//com.zaxxer.hikari.pool.HikariPool.checkFailFast(HikariPool.java:593)
	at app//com.zaxxer.hikari.pool.HikariPool.&lt;init&gt;(HikariPool.java:101)
	at app//com.zaxxer.hikari.HikariDataSource.&lt;init&gt;(HikariDataSource.java:80)
	at app//com.empresa.hidrocaexiot.config.DatabaseFactory.init(DatabaseFactory.kt:32)
	at app//com.empresa.hidrocaexiot.ApplicationKt.module(Application.kt:7)
	at java.base@21.0.10/jdk.internal.reflect.DirectMethodHandleAccessor.invoke(DirectMethodHandleAccessor.java:103)
	at java.base@21.0.10/java.lang.reflect.Method.invoke(Method.java:580)
	at app//kotlin.reflect.jvm.internal.calls.CallerImpl$Method.callMethod(CallerImpl.kt:97)
	at app//kotlin.reflect.jvm.internal.calls.CallerImpl$Method$Static.call(CallerImpl.kt:106)
	at app//kotlin.reflect.jvm.internal.ReflectKCallableKt.callDefaultMethod(ReflectKCallable.kt:153)
	at app//kotlin.reflect.jvm.internal.ReflectKCallableImpl.default$callBy(ReflectKCallableImpl.kt:58)
	at app//kotlin.reflect.jvm.internal.ReflectKCallableImpl.callBy(ReflectKCallableImpl.kt:8)
	at app//kotlin.reflect.full.KCallables.callSuspendBy(KCallables.kt:79)
	at app//io.ktor.server.engine.internal.CallableUtilsKt.callFunctionWithInjection(CallableUtils.kt:138)
	at app//io.ktor.server.engine.internal.CallableUtilsKt.executeModuleFunction(CallableUtils.kt:42)
	at app//io.ktor.server.engine.EmbeddedServer$launchModuleByName$2.invokeSuspend(EmbeddedServerJvm.kt:504)
	at app//io.ktor.server.engine.EmbeddedServer$launchModuleByName$2.invoke(EmbeddedServerJvm.kt)
	at app//io.ktor.server.engine.EmbeddedServer$launchModuleByName$2.invoke(EmbeddedServerJvm.kt)
	at app//io.ktor.server.engine.EmbeddedServer.avoidingDoubleStartupFor(EmbeddedServerJvm.kt:530)
	at app//io.ktor.server.engine.EmbeddedServer.launchModuleByName(EmbeddedServerJvm.kt:503)
	at app//io.ktor.server.engine.EmbeddedServer.access$launchModuleByName(EmbeddedServerJvm.kt:33)
	at app//io.ktor.server.engine.EmbeddedServer$dynamicModule$1.invokeSuspend(EmbeddedServerJvm.kt:457)
	at app//io.ktor.server.engine.EmbeddedServer$dynamicModule$1.invoke(EmbeddedServerJvm.kt)
	at app//io.ktor.server.engine.EmbeddedServer$dynamicModule$1.invoke(EmbeddedServerJvm.kt)
	at app//io.ktor.server.application.ApplicationModules_jvmKt$LoadSequentially$1.loadModules(ApplicationModules.jvm.kt:75)
	at app//io.ktor.server.engine.EmbeddedServer$instantiateAndConfigureApplication$1$1.invokeSuspend(EmbeddedServerJvm.kt:440)
	at app//io.ktor.server.engine.EmbeddedServer$instantiateAndConfigureApplication$1$1.invoke(EmbeddedServerJvm.kt)
	at app//io.ktor.server.engine.EmbeddedServer$instantiateAndConfigureApplication$1$1.invoke(EmbeddedServerJvm.kt)
	at app//kotlinx.coroutines.intrinsics.UndispatchedKt.startUndispatched(Undispatched.kt:66)
	at app//kotlinx.coroutines.intrinsics.UndispatchedKt.startUndispatchedOrReturnIgnoreTimeout(Undispatched.kt:50)
	at app//kotlinx.coroutines.TimeoutKt.setupTimeout(Timeout.kt:233)
	at app//kotlinx.coroutines.TimeoutKt.withTimeout(Timeout.kt:29)
	at app//kotlinx.coroutines.TimeoutKt.withTimeout-KLykuaI(Timeout.kt:141)
	at app//io.ktor.server.engine.EmbeddedServer$instantiateAndConfigureApplication$1.invokeSuspend(EmbeddedServerJvm.kt:439)
	at app//io.ktor.server.engine.EmbeddedServer$instantiateAndConfigureApplication$1.invoke(EmbeddedServerJvm.kt)
	at app//io.ktor.server.engine.EmbeddedServer$instantiateAndConfigureApplication$1.invoke(EmbeddedServerJvm.kt)
	at app//io.ktor.server.engine.EmbeddedServer$avoidingDoubleStartup$1.invokeSuspend(EmbeddedServerJvm.kt:511)
	at app//kotlin.coroutines.jvm.internal.BaseContinuationImpl.resumeWith(ContinuationImpl.kt:34)
	at app//kotlinx.coroutines.DispatchedTask.run(DispatchedTask.kt:100)
	at app//kotlinx.coroutines.EventLoopImplBase.processNextEvent(EventLoop.common.kt:256)
	at app//kotlinx.coroutines.BlockingCoroutine.joinBlocking(Builders.kt:54)
	at app//kotlinx.coroutines.BuildersKt__BuildersKt.runBlockingImpl(Builders.kt:30)
	at app//kotlinx.coroutines.BuildersKt.runBlockingImpl(Unknown Source)
	at app//kotlinx.coroutines.BuildersKt__Builders_concurrentKt.runBlockingK(Builders.concurrent.kt:172)
	at app//kotlinx.coroutines.BuildersKt.runBlockingK(Unknown Source)
	at app//kotlinx.coroutines.BuildersKt__Builders_concurrentKt.runBlockingK$default(Builders.concurrent.kt:157)
	at app//kotlinx.coroutines.BuildersKt.runBlockingK$default(Unknown Source)
	at app//io.ktor.server.engine.EmbeddedServer.avoidingDoubleStartup(EmbeddedServerJvm.kt:510)
	at app//io.ktor.server.engine.EmbeddedServer.instantiateAndConfigureApplication(EmbeddedServerJvm.kt:438)
	at app//io.ktor.server.engine.EmbeddedServer.createApplication(EmbeddedServerJvm.kt:215)
	at app//io.ktor.server.engine.EmbeddedServer.start(EmbeddedServerJvm.kt:369)
	at app//io.ktor.server.engine.EmbeddedServer$startSuspend$2.invokeSuspend(EmbeddedServerJvm.kt:396)
	at app//io.ktor.server.engine.EmbeddedServer$startSuspend$2.invoke(EmbeddedServerJvm.kt)
	at app//io.ktor.server.engine.EmbeddedServer$startSuspend$2.invoke(EmbeddedServerJvm.kt)
	at app//kotlinx.coroutines.intrinsics.UndispatchedKt.startUndispatched(Undispatched.kt:66)
	at app//kotlinx.coroutines.intrinsics.UndispatchedKt.startUndispatchedOrReturn(Undispatched.kt:43)
	at app//kotlinx.coroutines.BuildersKt__Builders_commonKt.withContext(Builders.common.kt:497)
	at app//kotlinx.coroutines.BuildersKt.withContext(Unknown Source)
	at app//io.ktor.server.engine.EmbeddedServer.startSuspend(EmbeddedServerJvm.kt:396)
	at app//io.ktor.server.engine.EmbeddedServer.startSuspend$default(EmbeddedServerJvm.kt:395)
	at app//io.ktor.server.testing.TestApplication.start(TestApplication.kt:102)
	at app//io.ktor.server.testing.client.DelegatingTestClientEngine.execute(DelegatingTestClientEngine.kt:48)
	at app//io.ktor.client.engine.HttpClientEngine$executeWithinCallContext$2.invokeSuspend(HttpClientEngine.kt:183)
	at app//kotlin.coroutines.jvm.internal.BaseContinuationImpl.resumeWith(ContinuationImpl.kt:34)
	at app//kotlinx.coroutines.DispatchedTask.run(DispatchedTask.kt:100)
	at app//kotlinx.coroutines.internal.LimitedDispatcher$Worker.run(LimitedDispatcher.kt:124)
	at app//kotlinx.coroutines.scheduling.TaskImpl.run(Tasks.kt:89)
	at app//kotlinx.coroutines.scheduling.CoroutineScheduler.runSafely(CoroutineScheduler.kt:586)
	at app//kotlinx.coroutines.scheduling.CoroutineScheduler$Worker.executeTask(CoroutineScheduler.kt:798)
	at app//kotlinx.coroutines.scheduling.CoroutineScheduler$Worker.runWorker(CoroutineScheduler.kt:717)
	at app//kotlinx.coroutines.scheduling.CoroutineScheduler$Worker.run(CoroutineScheduler.kt:704)
Caused by: org.postgresql.util.PSQLException: Connection to localhost:5433 refused. Check that the hostname and port are correct and that the postmaster is accepting TCP/IP connections.
	at app//org.postgresql.core.v3.ConnectionFactoryImpl.openConnectionImpl(ConnectionFactoryImpl.java:352)
	at app//org.postgresql.core.ConnectionFactory.openConnection(ConnectionFactory.java:54)
	at app//org.postgresql.jdbc.PgConnection.&lt;init&gt;(PgConnection.java:273)
	at app//org.postgresql.Driver.makeConnection(Driver.java:446)
	at app//org.postgresql.Driver.connect(Driver.java:298)
	at app//com.zaxxer.hikari.util.DriverDataSource.getConnection(DriverDataSource.java:139)
	at app//com.zaxxer.hikari.pool.PoolBase.newConnection(PoolBase.java:367)
	at app//com.zaxxer.hikari.pool.PoolBase.newPoolEntry(PoolBase.java:205)
	at app//com.zaxxer.hikari.pool.HikariPool.createPoolEntry(HikariPool.java:484)
	at app//com.zaxxer.hikari.pool.HikariPool.checkFailFast(HikariPool.java:572)
	... 70 more
Caused by: java.net.ConnectException: Connection refused: getsockopt
	at java.base/sun.nio.ch.Net.pollConnect(Native Method)
	at java.base/sun.nio.ch.Net.pollConnectNow(Net.java:694)
	at java.base/sun.nio.ch.NioSocketImpl.timedFinishConnect(NioSocketImpl.java:542)
	at java.base/sun.nio.ch.NioSocketImpl.connect(NioSocketImpl.java:592)
	at java.base/java.net.SocksSocketImpl.connect(SocksSocketImpl.java:327)
	at java.base/java.net.Socket.connect(Socket.java:751)
	at org.postgresql.core.PGStream.createSocket(PGStream.java:260)
	at org.postgresql.core.PGStream.&lt;init&gt;(PGStream.java:121)
	at org.postgresql.core.v3.ConnectionFactoryImpl.tryConnect(ConnectionFactoryImpl.java:140)
	at org.postgresql.core.v3.ConnectionFactoryImpl.openConnectionImpl(ConnectionFactoryImpl.java:268)
	... 79 more
</failure>
  </testcase>
  <system-out><![CDATA[2026-06-03 13:38:54.320 [DefaultDispatcher-worker-1 @call-context#3] INFO  io.ktor.test - No ktor.deployment.watch patterns specified, automatic reload is not active.
2026-06-03 13:38:54.384 [DefaultDispatcher-worker-1 @coroutine#4] INFO  com.zaxxer.hikari.HikariDataSource - HikariPool-1 - Starting...
]]></system-out>
  <system-err><![CDATA[]]></system-err>
</testsuite>
